[debug] [2018-04-08T18:40:15.093Z] ----------------------------------------------------------------------
[debug] [2018-04-08T18:40:15.095Z] Command:       /usr/local/bin/node /usr/local/bin/firebase serve --only functions
[debug] [2018-04-08T18:40:15.096Z] CLI Version:   3.17.7
[debug] [2018-04-08T18:40:15.096Z] Platform:      darwin
[debug] [2018-04-08T18:40:15.096Z] Node Version:  v9.10.1
[debug] [2018-04-08T18:40:15.096Z] Time:          Sun Apr 08 2018 20:40:15 GMT+0200 (CEST)
[debug] [2018-04-08T18:40:15.096Z] ----------------------------------------------------------------------
[debug] 
[debug] [2018-04-08T18:40:15.107Z] > command requires scopes: ["email","openid","https://www.googleapis.com/auth/cloudplatformprojects.readonly","https://www.googleapis.com/auth/firebase","https://www.googleapis.com/auth/cloud-platform"]
[debug] [2018-04-08T18:40:15.107Z] > authorizing via signed-in user
[debug] [2018-04-08T18:40:15.109Z] >>> HTTP REQUEST GET https://admin.firebase.com/v1/projects/next-001  
  
 Sun Apr 08 2018 20:40:15 GMT+0200 (CEST)
[debug] [2018-04-08T18:40:15.868Z] <<< HTTP RESPONSE 200
[debug] [2018-04-08T18:40:15.869Z] >>> HTTP REQUEST GET https://admin.firebase.com/v1/database/next-001/tokens  
  
 Sun Apr 08 2018 20:40:15 GMT+0200 (CEST)
[debug] [2018-04-08T18:40:16.551Z] <<< HTTP RESPONSE 200
[debug] [2018-04-08T18:40:16.552Z] >>> HTTP REQUEST GET https://cloudresourcemanager.googleapis.com/v1/projects/next-001  
  
 Sun Apr 08 2018 20:40:16 GMT+0200 (CEST)
[debug] [2018-04-08T18:40:17.481Z] <<< HTTP RESPONSE 200
[info] 
[info] === Serving from '/Users/Jan/Developer/Angular/Next/Next_Backend'...
[info] 
[info] i  functions: Preparing to emulate functions.
[debug] [2018-04-08T18:40:18.191Z] Fetching environment
[debug] [2018-04-08T18:40:18.193Z] >>> HTTP REQUEST GET https://mobilesdk-pa.googleapis.com/v1/projects/526022804627:getServerAppConfig  
  
 Sun Apr 08 2018 20:40:18 GMT+0200 (CEST)
[debug] [2018-04-08T18:40:19.303Z] <<< HTTP RESPONSE 200
[debug] [2018-04-08T18:40:19.304Z] Starting @google-cloud/functions-emulator
[debug] [2018-04-08T18:40:19.380Z] Parsing function triggers
[info] ✔  functions: stocks: http://localhost:5000/next-001/us-central1/stocks
